



####################
enum34==1.1.6
iso8601==0.1.12
httplib2==0.12.1
eventlet==0.25.0
prettytable==0.7.2
flower==0.9.3
openpyxl==2.6.2
netaddr==0.7.19
markdown==3.1.1
PyYAML==3.13
alembic==1.0.8
aniso8601==6.0.0
attrs==19.1.0
Automat==0.7.0
Babel==2.7.0
cached-property==1.5.1
cachetools==3.1.1
certifi==2019.3.9
cffi==1.12.2
Click==7.0
colorama==0.4.1
commonware==0.5.0
constantly==15.1.0
cssselect==1.0.3
decorator==4.4.0
dnspython==1.16.0
docopt==0.6.2
et-xmlfile==1.0.1
feedfinder2==0.0.4
feedparser==5.2.1
gevent==1.4.0
greenlet==0.4.15
gunicorn==19.9.0
html5lib==1.0.1
hyperlink==18.0.0
incremental==17.5.0
itsdangerous==1.1.0
jdcal==1.4.1
jsonschema==2.6.0
Mako==1.0.8
MarkupSafe==1.1.1
marshmallow==2.19.2
monotonic==1.5
nltk==3.4
openpyxl==2.6.3
parsel==1.5.1
parso==0.3.4
pexpect==4.6.0
Pillow==6.0.0
pinyin4py==1.0.dev0
PyDispatcher==2.0.5
Pygments==2.3.1
PyHamcrest==1.9.0
pypinyin==0.35.1
PySimpleSOAP==1.16.2
python-dateutil==2.8.0
python-editor==1.0.4
queuelib==1.5.0
raven==6.10.0
service-identity==18.1.0
simplejson==3.16.0
singledispatch==3.4.0.3
texttable==0.9.1
tinysegmenter==0.3
tldextract==2.2.1
vine==1.3.0
w3lib==1.20.0
webargs==5.2.0
webencodings==0.5.1
websocket-client==0.56.0
Werkzeug==0.15.2
XlsxWriter==1.1.5
xmltodict==0.12.0




